<?xml version="1.0" encoding="UTF-8"?>
<testsuite xmlns:xsi="http://www.w3.org/2001/XMLSchema-instance" xsi:noNamespaceSchemaLocation="https://maven.apache.org/surefire/maven-surefire-plugin/xsd/surefire-test-report.xsd" name="com.example.AppTest" time="0.021" tests="1" errors="0" skipped="0" failures="0">
  <properties>
    <property name="java.specification.version" value="21"/>
    <property name="sun.cpu.isalist" value="amd64"/>
    <property name="sun.jnu.encoding" value="Cp1252"/>
    <property name="java.class.path" value="C:\Users\bbdnet3166\Documents\Graduate Programme\Non-Relational DB LevelUp\demo\target\test-classes;C:\Users\bbdnet3166\Documents\Graduate Programme\Non-Relational DB LevelUp\demo\target\classes;C:\Users\bbdnet3166\.m2\repository\junit\junit\4.11\junit-4.11.jar;C:\Users\bbdnet3166\.m2\repository\org\hamcrest\hamcrest-core\1.3\hamcrest-core-1.3.jar;C:\Users\bbdnet3166\.m2\repository\org\apache\jackrabbit\jackrabbit-core\2.20.0\jackrabbit-core-2.20.0.jar;C:\Users\bbdnet3166\.m2\repository\concurrent\concurrent\1.3.4\concurrent-1.3.4.jar;C:\Users\bbdnet3166\.m2\repository\commons-collections\commons-collections\3.2.2\commons-collections-3.2.2.jar;C:\Users\bbdnet3166\.m2\repository\commons-io\commons-io\2.6\commons-io-2.6.jar;C:\Users\bbdnet3166\.m2\repository\commons-dbcp\commons-dbcp\1.4\commons-dbcp-1.4.jar;C:\Users\bbdnet3166\.m2\repository\commons-pool\commons-pool\1.5.4\commons-pool-1.5.4.jar;C:\Users\bbdnet3166\.m2\repository\org\apache\jackrabbit\oak-jackrabbit-api\1.20.0\oak-jackrabbit-api-1.20.0.jar;C:\Users\bbdnet3166\.m2\repository\org\apache\jackrabbit\jackrabbit-jcr-commons\2.20.0\jackrabbit-jcr-commons-2.20.0.jar;C:\Users\bbdnet3166\.m2\repository\org\apache\jackrabbit\jackrabbit-data\2.20.0\jackrabbit-data-2.20.0.jar;C:\Users\bbdnet3166\.m2\repository\org\apache\jackrabbit\jackrabbit-spi-commons\2.20.0\jackrabbit-spi-commons-2.20.0.jar;C:\Users\bbdnet3166\.m2\repository\org\apache\jackrabbit\jackrabbit-spi\2.20.0\jackrabbit-spi-2.20.0.jar;C:\Users\bbdnet3166\.m2\repository\org\apache\tika\tika-core\1.23\tika-core-1.23.jar;C:\Users\bbdnet3166\.m2\repository\org\apache\lucene\lucene-core\3.6.0\lucene-core-3.6.0.jar;C:\Users\bbdnet3166\.m2\repository\org\apache\derby\derby\10.14.2.0\derby-10.14.2.0.jar;C:\Users\bbdnet3166\.m2\repository\org\slf4j\jcl-over-slf4j\1.7.29\jcl-over-slf4j-1.7.29.jar;C:\Users\bbdnet3166\.m2\repository\javax\jcr\jcr\2.0\jcr-2.0.jar;C:\Users\bbdnet3166\.m2\repository\org\slf4j\slf4j-api\1.7.36\slf4j-api-1.7.36.jar;C:\Users\bbdnet3166\.m2\repository\org\slf4j\slf4j-reload4j\1.7.36\slf4j-reload4j-1.7.36.jar;C:\Users\bbdnet3166\.m2\repository\ch\qos\reload4j\reload4j\1.2.19\reload4j-1.2.19.jar;C:\Users\bbdnet3166\.m2\repository\log4j\log4j\1.2.17\log4j-1.2.17.jar;"/>
    <property name="java.vm.vendor" value="Oracle Corporation"/>
    <property name="sun.arch.data.model" value="64"/>
    <property name="user.variant" value=""/>
    <property name="java.vendor.url" value="https://java.oracle.com/"/>
    <property name="user.timezone" value="Africa/Johannesburg"/>
    <property name="os.name" value="Windows 11"/>
    <property name="java.vm.specification.version" value="21"/>
    <property name="sun.java.launcher" value="SUN_STANDARD"/>
    <property name="user.country" value="ZA"/>
    <property name="sun.boot.library.path" value="C:\Program Files\Java\jdk-21\bin"/>
    <property name="sun.java.command" value="C:\Users\BBDNET~1\AppData\Local\Temp\surefire6098220682487631814\surefirebooter2991739057311885137.jar C:\Users\bbdnet3166\AppData\Local\Temp\surefire6098220682487631814 2024-07-21T20-34-25_035-jvmRun1 surefire7062197083265053998tmp surefire_05934392474255893933tmp"/>
    <property name="jdk.debug" value="release"/>
    <property name="surefire.test.class.path" value="C:\Users\bbdnet3166\Documents\Graduate Programme\Non-Relational DB LevelUp\demo\target\test-classes;C:\Users\bbdnet3166\Documents\Graduate Programme\Non-Relational DB LevelUp\demo\target\classes;C:\Users\bbdnet3166\.m2\repository\junit\junit\4.11\junit-4.11.jar;C:\Users\bbdnet3166\.m2\repository\org\hamcrest\hamcrest-core\1.3\hamcrest-core-1.3.jar;C:\Users\bbdnet3166\.m2\repository\org\apache\jackrabbit\jackrabbit-core\2.20.0\jackrabbit-core-2.20.0.jar;C:\Users\bbdnet3166\.m2\repository\concurrent\concurrent\1.3.4\concurrent-1.3.4.jar;C:\Users\bbdnet3166\.m2\repository\commons-collections\commons-collections\3.2.2\commons-collections-3.2.2.jar;C:\Users\bbdnet3166\.m2\repository\commons-io\commons-io\2.6\commons-io-2.6.jar;C:\Users\bbdnet3166\.m2\repository\commons-dbcp\commons-dbcp\1.4\commons-dbcp-1.4.jar;C:\Users\bbdnet3166\.m2\repository\commons-pool\commons-pool\1.5.4\commons-pool-1.5.4.jar;C:\Users\bbdnet3166\.m2\repository\org\apache\jackrabbit\oak-jackrabbit-api\1.20.0\oak-jackrabbit-api-1.20.0.jar;C:\Users\bbdnet3166\.m2\repository\org\apache\jackrabbit\jackrabbit-jcr-commons\2.20.0\jackrabbit-jcr-commons-2.20.0.jar;C:\Users\bbdnet3166\.m2\repository\org\apache\jackrabbit\jackrabbit-data\2.20.0\jackrabbit-data-2.20.0.jar;C:\Users\bbdnet3166\.m2\repository\org\apache\jackrabbit\jackrabbit-spi-commons\2.20.0\jackrabbit-spi-commons-2.20.0.jar;C:\Users\bbdnet3166\.m2\repository\org\apache\jackrabbit\jackrabbit-spi\2.20.0\jackrabbit-spi-2.20.0.jar;C:\Users\bbdnet3166\.m2\repository\org\apache\tika\tika-core\1.23\tika-core-1.23.jar;C:\Users\bbdnet3166\.m2\repository\org\apache\lucene\lucene-core\3.6.0\lucene-core-3.6.0.jar;C:\Users\bbdnet3166\.m2\repository\org\apache\derby\derby\10.14.2.0\derby-10.14.2.0.jar;C:\Users\bbdnet3166\.m2\repository\org\slf4j\jcl-over-slf4j\1.7.29\jcl-over-slf4j-1.7.29.jar;C:\Users\bbdnet3166\.m2\repository\javax\jcr\jcr\2.0\jcr-2.0.jar;C:\Users\bbdnet3166\.m2\repository\org\slf4j\slf4j-api\1.7.36\slf4j-api-1.7.36.jar;C:\Users\bbdnet3166\.m2\repository\org\slf4j\slf4j-reload4j\1.7.36\slf4j-reload4j-1.7.36.jar;C:\Users\bbdnet3166\.m2\repository\ch\qos\reload4j\reload4j\1.2.19\reload4j-1.2.19.jar;C:\Users\bbdnet3166\.m2\repository\log4j\log4j\1.2.17\log4j-1.2.17.jar;"/>
    <property name="sun.cpu.endian" value="little"/>
    <property name="user.home" value="C:\Users\bbdnet3166"/>
    <property name="user.language" value="en"/>
    <property name="java.specification.vendor" value="Oracle Corporation"/>
    <property name="java.version.date" value="2024-01-16"/>
    <property name="java.home" value="C:\Program Files\Java\jdk-21"/>
    <property name="file.separator" value="\"/>
    <property name="basedir" value="C:\Users\bbdnet3166\Documents\Graduate Programme\Non-Relational DB LevelUp\demo"/>
    <property name="java.vm.compressedOopsMode" value="Zero based"/>
    <property name="line.separator" value="&#10;"/>
    <property name="java.vm.specification.vendor" value="Oracle Corporation"/>
    <property name="java.specification.name" value="Java Platform API Specification"/>
    <property name="surefire.real.class.path" value="C:\Users\BBDNET~1\AppData\Local\Temp\surefire6098220682487631814\surefirebooter2991739057311885137.jar"/>
    <property name="user.script" value=""/>
    <property name="sun.management.compiler" value="HotSpot 64-Bit Tiered Compilers"/>
    <property name="java.runtime.version" value="21.0.2+13-LTS-58"/>
    <property name="user.name" value="bbdnet3166"/>
    <property name="stdout.encoding" value="Cp1252"/>
    <property name="path.separator" value=";"/>
    <property name="os.version" value="10.0"/>
    <property name="java.runtime.name" value="Java(TM) SE Runtime Environment"/>
    <property name="file.encoding" value="UTF-8"/>
    <property name="java.vm.name" value="Java HotSpot(TM) 64-Bit Server VM"/>
    <property name="localRepository" value="C:\Users\bbdnet3166\.m2\repository"/>
    <property name="java.vendor.url.bug" value="https://bugreport.java.com/bugreport/"/>
    <property name="java.io.tmpdir" value="C:\Users\BBDNET~1\AppData\Local\Temp\"/>
    <property name="java.version" value="21.0.2"/>
    <property name="user.dir" value="C:\Users\bbdnet3166\Documents\Graduate Programme\Non-Relational DB LevelUp\demo"/>
    <property name="os.arch" value="amd64"/>
    <property name="java.vm.specification.name" value="Java Virtual Machine Specification"/>
    <property name="sun.os.patch.level" value=""/>
    <property name="native.encoding" value="Cp1252"/>
    <property name="java.library.path" value="C:\Program Files\Java\jdk-21\bin;C:\Windows\Sun\Java\bin;C:\Windows\system32;C:\Windows;C:\Program Files\Common Files\Oracle\Java\javapath;C:\Program Files (x86)\Common Files\Oracle\Java\javapath;C:\Windows\system32;C:\Windows;C:\Windows\System32\Wbem;C:\Windows\System32\WindowsPowerShell\v1.0\;C:\Windows\System32\OpenSSH\;C:\Program Files (x86)\Microsoft SQL Server\160\DTS\Binn\;C:\Program Files\Azure Data Studio\bin;C:\Program Files\Microsoft SQL Server\Client SDK\ODBC\130\Tools\Binn\;C:\Program Files (x86)\Microsoft SQL Server\130\Tools\Binn\;C:\Program Files\Microsoft SQL Server\130\Tools\Binn\;C:\Program Files\Microsoft SQL Server\130\DTS\Binn\;C:\Program Files\Git\cmd;C:\Program Files\nodejs\;C:\Program Files\dotnet\;C:\Program Files\Microsoft SQL Server\150\Tools\Binn\;C:\Program Files\Microsoft SQL Server\Client SDK\ODBC\170\Tools\Binn\;C:\Program Files (x86)\Pulse Secure\VC142.CRT\X64\;C:\Program Files (x86)\Pulse Secure\VC142.CRT\X86\;C:\Program Files\Java\jdk-21\bin;c:\program files\apache-maven-3.9.6\bin;C:\Program Files\Graphviz\bin;C:\Users\bbdnet3166\AppData\Local\Microsoft\WindowsApps;C:\Users\bbdnet3166\AppData\Local\Programs\Microsoft VS Code\bin;C:\Program Files\Azure Data Studio\bin;C:\Users\bbdnet3166\AppData\Roaming\npm;C:\Program Files (x86)\Common Files\Oracle\Java\javapath;C:\Users\bbdnet3166\.dotnet\tools;C:\Program Files\Graphviz\bin;."/>
    <property name="java.vm.info" value="mixed mode, sharing"/>
    <property name="stderr.encoding" value="Cp1252"/>
    <property name="java.vendor" value="Oracle Corporation"/>
    <property name="java.vm.version" value="21.0.2+13-LTS-58"/>
    <property name="sun.io.unicode.encoding" value="UnicodeLittle"/>
    <property name="java.class.version" value="65.0"/>
  </properties>
  <testcase name="shouldAnswerWithTrue" classname="com.example.AppTest" time="0.001"/>
</testsuite>